{"C:\\Users\\rswtf\\Desktop\\personal\\akasa\\food-delivery\\backend\\src\\db.ts": {"path":"C:\\Users\\rswtf\\Desktop\\personal\\akasa\\food-delivery\\backend\\src\\db.ts","statementMap":{"0":{"start":{"line":1,"column":0},"end":{"line":1,"column":46}},"1":{"start":{"line":8,"column":16},"end":{"line":8,"column":53}},"2":{"start":{"line":9,"column":0},"end":{"line":9,"column":68}},"3":{"start":{"line":9,"column":43},"end":{"line":9,"column":68}},"4":{"start":{"line":11,"column":0},"end":{"line":11,"column":22}}},"fnMap":{},"branchMap":{"0":{"loc":{"start":{"line":8,"column":16},"end":{"line":8,"column":53}},"type":"binary-expr","locations":[{"start":{"line":8,"column":16},"end":{"line":8,"column":31}},{"start":{"line":8,"column":35},"end":{"line":8,"column":53}}]},"1":{"loc":{"start":{"line":9,"column":0},"end":{"line":9,"column":68}},"type":"if","locations":[{"start":{"line":9,"column":0},"end":{"line":9,"column":68}},{"start":{},"end":{}}]}},"s":{"0":2,"1":2,"2":2,"3":2,"4":2},"f":{},"b":{"0":[2,2],"1":[2,0]}}
,"C:\\Users\\rswtf\\Desktop\\personal\\akasa\\food-delivery\\backend\\src\\index.ts": {"path":"C:\\Users\\rswtf\\Desktop\\personal\\akasa\\food-delivery\\backend\\src\\index.ts","statementMap":{"0":{"start":{"line":1,"column":0},"end":{"line":1,"column":30}},"1":{"start":{"line":2,"column":0},"end":{"line":2,"column":24}},"2":{"start":{"line":3,"column":0},"end":{"line":3,"column":28}},"3":{"start":{"line":4,"column":0},"end":{"line":4,"column":39}},"4":{"start":{"line":5,"column":0},"end":{"line":5,"column":39}},"5":{"start":{"line":6,"column":0},"end":{"line":6,"column":47}},"6":{"start":{"line":7,"column":0},"end":{"line":7,"column":40}},"7":{"start":{"line":8,"column":0},"end":{"line":8,"column":42}},"8":{"start":{"line":9,"column":0},"end":{"line":9,"column":null}},"9":{"start":{"line":17,"column":0},"end":{"line":17,"column":16}},"10":{"start":{"line":19,"column":12},"end":{"line":19,"column":21}},"11":{"start":{"line":22,"column":0},"end":{"line":22,"column":27}},"12":{"start":{"line":23,"column":0},"end":{"line":23,"column":41}},"13":{"start":{"line":24,"column":0},"end":{"line":24,"column":28}},"14":{"start":{"line":25,"column":0},"end":{"line":25,"column":17}},"15":{"start":{"line":28,"column":0},"end":{"line":28,"column":33}},"16":{"start":{"line":29,"column":0},"end":{"line":29,"column":33}},"17":{"start":{"line":30,"column":0},"end":{"line":30,"column":41}},"18":{"start":{"line":31,"column":0},"end":{"line":31,"column":34}},"19":{"start":{"line":32,"column":0},"end":{"line":32,"column":36}},"20":{"start":{"line":35,"column":0},"end":{"line":35,"column":22}},"21":{"start":{"line":38,"column":13},"end":{"line":38,"column":37}},"22":{"start":{"line":39,"column":0},"end":{"line":41,"column":3}},"23":{"start":{"line":40,"column":1},"end":{"line":40,"column":49}},"24":{"start":{"line":43,"column":0},"end":{"line":43,"column":19}}},"fnMap":{"0":{"name":"(anonymous_1)","decl":{"start":{"line":39,"column":17},"end":{"line":39,"column":20}},"loc":{"start":{"line":39,"column":22},"end":{"line":41,"column":1}}}},"branchMap":{"0":{"loc":{"start":{"line":38,"column":13},"end":{"line":38,"column":37}},"type":"binary-expr","locations":[{"start":{"line":38,"column":13},"end":{"line":38,"column":29}},{"start":{"line":38,"column":33},"end":{"line":38,"column":37}}]}},"s":{"0":2,"1":2,"2":2,"3":2,"4":2,"5":2,"6":2,"7":2,"8":2,"9":2,"10":2,"11":2,"12":2,"13":2,"14":2,"15":2,"16":2,"17":2,"18":2,"19":2,"20":2,"21":2,"22":2,"23":2,"24":2},"f":{"0":2},"b":{"0":[2,0]}}
,"C:\\Users\\rswtf\\Desktop\\personal\\akasa\\food-delivery\\backend\\src\\__tests__\\helpers.ts": {"path":"C:\\Users\\rswtf\\Desktop\\personal\\akasa\\food-delivery\\backend\\src\\__tests__\\helpers.ts","statementMap":{"0":{"start":{"line":1,"column":0},"end":{"line":1,"column":36}},"1":{"start":{"line":2,"column":0},"end":{"line":2,"column":32}},"2":{"start":{"line":3,"column":0},"end":{"line":3,"column":27}},"3":{"start":{"line":5,"column":28},"end":{"line":9,"column":1}},"4":{"start":{"line":6,"column":2},"end":{"line":8,"column":5}},"5":{"start":{"line":5,"column":13},"end":{"line":5,"column":28}},"6":{"start":{"line":11,"column":27},"end":{"line":11,"column":45}},"7":{"start":{"line":11,"column":33},"end":{"line":11,"column":45}},"8":{"start":{"line":11,"column":13},"end":{"line":11,"column":27}},"9":{"start":{"line":13,"column":27},"end":{"line":15,"column":1}},"10":{"start":{"line":14,"column":2},"end":{"line":14,"column":62}},"11":{"start":{"line":13,"column":13},"end":{"line":13,"column":27}}},"fnMap":{"0":{"name":"(anonymous_1)","decl":{"start":{"line":5,"column":28},"end":{"line":5,"column":29}},"loc":{"start":{"line":5,"column":55},"end":{"line":9,"column":1}}},"1":{"name":"(anonymous_2)","decl":{"start":{"line":11,"column":27},"end":{"line":11,"column":30}},"loc":{"start":{"line":11,"column":33},"end":{"line":11,"column":45}}},"2":{"name":"(anonymous_3)","decl":{"start":{"line":13,"column":27},"end":{"line":13,"column":28}},"loc":{"start":{"line":13,"column":45},"end":{"line":15,"column":1}}}},"branchMap":{"0":{"loc":{"start":{"line":6,"column":26},"end":{"line":6,"column":65}},"type":"binary-expr","locations":[{"start":{"line":6,"column":26},"end":{"line":6,"column":48}},{"start":{"line":6,"column":52},"end":{"line":6,"column":65}}]}},"s":{"0":2,"1":2,"2":2,"3":2,"4":0,"5":2,"6":2,"7":0,"8":2,"9":2,"10":0,"11":2},"f":{"0":0,"1":0,"2":0},"b":{"0":[0,0]}}
,"C:\\Users\\rswtf\\Desktop\\personal\\akasa\\food-delivery\\backend\\src\\controller\\auth.ts": {"path":"C:\\Users\\rswtf\\Desktop\\personal\\akasa\\food-delivery\\backend\\src\\controller\\auth.ts","statementMap":{"0":{"start":{"line":2,"column":0},"end":{"line":2,"column":27}},"1":{"start":{"line":3,"column":0},"end":{"line":3,"column":30}},"2":{"start":{"line":4,"column":0},"end":{"line":4,"column":31}},"3":{"start":{"line":5,"column":0},"end":{"line":5,"column":28}},"4":{"start":{"line":7,"column":19},"end":{"line":7,"column":70}},"5":{"start":{"line":9,"column":24},"end":{"line":24,"column":1}},"6":{"start":{"line":10,"column":1},"end":{"line":23,"column":2}},"7":{"start":{"line":11,"column":30},"end":{"line":11,"column":38}},"8":{"start":{"line":12,"column":2},"end":{"line":12,"column":97}},"9":{"start":{"line":12,"column":27},"end":{"line":12,"column":97}},"10":{"start":{"line":14,"column":19},"end":{"line":14,"column":69}},"11":{"start":{"line":15,"column":2},"end":{"line":15,"column":78}},"12":{"start":{"line":15,"column":16},"end":{"line":15,"column":78}},"13":{"start":{"line":17,"column":15},"end":{"line":17,"column":46}},"14":{"start":{"line":18,"column":15},"end":{"line":18,"column":76}},"15":{"start":{"line":20,"column":2},"end":{"line":20,"column":64}},"16":{"start":{"line":22,"column":2},"end":{"line":22,"column":90}},"17":{"start":{"line":9,"column":13},"end":{"line":9,"column":24}},"18":{"start":{"line":26,"column":21},"end":{"line":52,"column":1}},"19":{"start":{"line":27,"column":1},"end":{"line":51,"column":2}},"20":{"start":{"line":28,"column":30},"end":{"line":28,"column":38}},"21":{"start":{"line":29,"column":2},"end":{"line":29,"column":97}},"22":{"start":{"line":29,"column":27},"end":{"line":29,"column":97}},"23":{"start":{"line":31,"column":15},"end":{"line":31,"column":65}},"24":{"start":{"line":32,"column":2},"end":{"line":32,"column":75}},"25":{"start":{"line":32,"column":13},"end":{"line":32,"column":75}},"26":{"start":{"line":34,"column":13},"end":{"line":34,"column":58}},"27":{"start":{"line":35,"column":2},"end":{"line":35,"column":73}},"28":{"start":{"line":35,"column":11},"end":{"line":35,"column":73}},"29":{"start":{"line":38,"column":18},"end":{"line":38,"column":213}},"30":{"start":{"line":41,"column":17},"end":{"line":41,"column":55}},"31":{"start":{"line":42,"column":23},"end":{"line":42,"column":48}},"32":{"start":{"line":43,"column":22},"end":{"line":43,"column":57}},"33":{"start":{"line":44,"column":2},"end":{"line":44,"column":95}},"34":{"start":{"line":46,"column":22},"end":{"line":46,"column":82}},"35":{"start":{"line":48,"column":2},"end":{"line":48,"column":105}},"36":{"start":{"line":50,"column":2},"end":{"line":50,"column":90}},"37":{"start":{"line":26,"column":13},"end":{"line":26,"column":21}},"38":{"start":{"line":54,"column":23},"end":{"line":76,"column":1}},"39":{"start":{"line":55,"column":1},"end":{"line":75,"column":2}},"40":{"start":{"line":56,"column":27},"end":{"line":56,"column":35}},"41":{"start":{"line":57,"column":2},"end":{"line":57,"column":85}},"42":{"start":{"line":57,"column":21},"end":{"line":57,"column":85}},"43":{"start":{"line":60,"column":17},"end":{"line":60,"column":48}},"44":{"start":{"line":61,"column":3},"end":{"line":61,"column":89}},"45":{"start":{"line":61,"column":25},"end":{"line":61,"column":89}},"46":{"start":{"line":62,"column":15},"end":{"line":62,"column":23}},"47":{"start":{"line":63,"column":19},"end":{"line":63,"column":74}},"48":{"start":{"line":64,"column":2},"end":{"line":64,"column":93}},"49":{"start":{"line":64,"column":35},"end":{"line":64,"column":93}},"50":{"start":{"line":65,"column":2},"end":{"line":65,"column":96}},"51":{"start":{"line":65,"column":38},"end":{"line":65,"column":96}},"52":{"start":{"line":67,"column":14},"end":{"line":67,"column":73}},"53":{"start":{"line":68,"column":2},"end":{"line":68,"column":75}},"54":{"start":{"line":68,"column":11},"end":{"line":68,"column":75}},"55":{"start":{"line":71,"column":22},"end":{"line":71,"column":89}},"56":{"start":{"line":72,"column":2},"end":{"line":72,"column":35}},"57":{"start":{"line":74,"column":2},"end":{"line":74,"column":90}},"58":{"start":{"line":54,"column":13},"end":{"line":54,"column":23}},"59":{"start":{"line":78,"column":22},"end":{"line":93,"column":1}},"60":{"start":{"line":79,"column":1},"end":{"line":92,"column":2}},"61":{"start":{"line":80,"column":27},"end":{"line":80,"column":35}},"62":{"start":{"line":81,"column":2},"end":{"line":81,"column":85}},"63":{"start":{"line":81,"column":21},"end":{"line":81,"column":85}},"64":{"start":{"line":85,"column":18},"end":{"line":85,"column":49}},"65":{"start":{"line":86,"column":4},"end":{"line":86,"column":68}},"66":{"start":{"line":86,"column":26},"end":{"line":86,"column":68}},"67":{"start":{"line":87,"column":16},"end":{"line":87,"column":24}},"68":{"start":{"line":88,"column":4},"end":{"line":88,"column":85}},"69":{"start":{"line":89,"column":4},"end":{"line":89,"column":34}},"70":{"start":{"line":91,"column":2},"end":{"line":91,"column":90}},"71":{"start":{"line":78,"column":13},"end":{"line":78,"column":22}}},"fnMap":{"0":{"name":"(anonymous_1)","decl":{"start":{"line":9,"column":24},"end":{"line":9,"column":29}},"loc":{"start":{"line":9,"column":62},"end":{"line":24,"column":1}}},"1":{"name":"(anonymous_2)","decl":{"start":{"line":26,"column":21},"end":{"line":26,"column":26}},"loc":{"start":{"line":26,"column":59},"end":{"line":52,"column":1}}},"2":{"name":"(anonymous_3)","decl":{"start":{"line":54,"column":23},"end":{"line":54,"column":28}},"loc":{"start":{"line":54,"column":61},"end":{"line":76,"column":1}}},"3":{"name":"(anonymous_4)","decl":{"start":{"line":78,"column":22},"end":{"line":78,"column":27}},"loc":{"start":{"line":78,"column":60},"end":{"line":93,"column":1}}}},"branchMap":{"0":{"loc":{"start":{"line":7,"column":19},"end":{"line":7,"column":70}},"type":"binary-expr","locations":[{"start":{"line":7,"column":19},"end":{"line":7,"column":41}},{"start":{"line":7,"column":45},"end":{"line":7,"column":70}}]},"1":{"loc":{"start":{"line":12,"column":2},"end":{"line":12,"column":97}},"type":"if","locations":[{"start":{"line":12,"column":2},"end":{"line":12,"column":97}},{"start":{},"end":{}}]},"2":{"loc":{"start":{"line":12,"column":6},"end":{"line":12,"column":25}},"type":"binary-expr","locations":[{"start":{"line":12,"column":6},"end":{"line":12,"column":12}},{"start":{"line":12,"column":16},"end":{"line":12,"column":25}}]},"3":{"loc":{"start":{"line":15,"column":2},"end":{"line":15,"column":78}},"type":"if","locations":[{"start":{"line":15,"column":2},"end":{"line":15,"column":78}},{"start":{},"end":{}}]},"4":{"loc":{"start":{"line":29,"column":2},"end":{"line":29,"column":97}},"type":"if","locations":[{"start":{"line":29,"column":2},"end":{"line":29,"column":97}},{"start":{},"end":{}}]},"5":{"loc":{"start":{"line":29,"column":6},"end":{"line":29,"column":25}},"type":"binary-expr","locations":[{"start":{"line":29,"column":6},"end":{"line":29,"column":12}},{"start":{"line":29,"column":16},"end":{"line":29,"column":25}}]},"6":{"loc":{"start":{"line":32,"column":2},"end":{"line":32,"column":75}},"type":"if","locations":[{"start":{"line":32,"column":2},"end":{"line":32,"column":75}},{"start":{},"end":{}}]},"7":{"loc":{"start":{"line":35,"column":2},"end":{"line":35,"column":73}},"type":"if","locations":[{"start":{"line":35,"column":2},"end":{"line":35,"column":73}},{"start":{},"end":{}}]},"8":{"loc":{"start":{"line":38,"column":160},"end":{"line":38,"column":208}},"type":"binary-expr","locations":[{"start":{"line":38,"column":160},"end":{"line":38,"column":195}},{"start":{"line":38,"column":199},"end":{"line":38,"column":208}}]},"9":{"loc":{"start":{"line":57,"column":2},"end":{"line":57,"column":85}},"type":"if","locations":[{"start":{"line":57,"column":2},"end":{"line":57,"column":85}},{"start":{},"end":{}}]},"10":{"loc":{"start":{"line":60,"column":18},"end":{"line":60,"column":36}},"type":"binary-expr","locations":[{"start":{"line":60,"column":18},"end":{"line":60,"column":30}},{"start":{"line":60,"column":34},"end":{"line":60,"column":36}}]},"11":{"loc":{"start":{"line":61,"column":3},"end":{"line":61,"column":89}},"type":"if","locations":[{"start":{"line":61,"column":3},"end":{"line":61,"column":89}},{"start":{},"end":{}}]},"12":{"loc":{"start":{"line":64,"column":2},"end":{"line":64,"column":93}},"type":"if","locations":[{"start":{"line":64,"column":2},"end":{"line":64,"column":93}},{"start":{},"end":{}}]},"13":{"loc":{"start":{"line":64,"column":6},"end":{"line":64,"column":33}},"type":"binary-expr","locations":[{"start":{"line":64,"column":6},"end":{"line":64,"column":14}},{"start":{"line":64,"column":18},"end":{"line":64,"column":33}}]},"14":{"loc":{"start":{"line":65,"column":2},"end":{"line":65,"column":96}},"type":"if","locations":[{"start":{"line":65,"column":2},"end":{"line":65,"column":96}},{"start":{},"end":{}}]},"15":{"loc":{"start":{"line":67,"column":49},"end":{"line":67,"column":72}},"type":"binary-expr","locations":[{"start":{"line":67,"column":49},"end":{"line":67,"column":66}},{"start":{"line":67,"column":70},"end":{"line":67,"column":72}}]},"16":{"loc":{"start":{"line":68,"column":2},"end":{"line":68,"column":75}},"type":"if","locations":[{"start":{"line":68,"column":2},"end":{"line":68,"column":75}},{"start":{},"end":{}}]},"17":{"loc":{"start":{"line":81,"column":2},"end":{"line":81,"column":85}},"type":"if","locations":[{"start":{"line":81,"column":2},"end":{"line":81,"column":85}},{"start":{},"end":{}}]},"18":{"loc":{"start":{"line":85,"column":19},"end":{"line":85,"column":37}},"type":"binary-expr","locations":[{"start":{"line":85,"column":19},"end":{"line":85,"column":31}},{"start":{"line":85,"column":35},"end":{"line":85,"column":37}}]},"19":{"loc":{"start":{"line":86,"column":4},"end":{"line":86,"column":68}},"type":"if","locations":[{"start":{"line":86,"column":4},"end":{"line":86,"column":68}},{"start":{},"end":{}}]}},"s":{"0":2,"1":2,"2":2,"3":2,"4":2,"5":2,"6":0,"7":0,"8":0,"9":0,"10":0,"11":0,"12":0,"13":0,"14":0,"15":0,"16":0,"17":2,"18":2,"19":0,"20":0,"21":0,"22":0,"23":0,"24":0,"25":0,"26":0,"27":0,"28":0,"29":0,"30":0,"31":0,"32":0,"33":0,"34":0,"35":0,"36":0,"37":2,"38":2,"39":0,"40":0,"41":0,"42":0,"43":0,"44":0,"45":0,"46":0,"47":0,"48":0,"49":0,"50":0,"51":0,"52":0,"53":0,"54":0,"55":0,"56":0,"57":0,"58":2,"59":2,"60":0,"61":0,"62":0,"63":0,"64":0,"65":0,"66":0,"67":0,"68":0,"69":0,"70":0,"71":2},"f":{"0":0,"1":0,"2":0,"3":0},"b":{"0":[2,0],"1":[0,0],"2":[0,0],"3":[0,0],"4":[0,0],"5":[0,0],"6":[0,0],"7":[0,0],"8":[0,0],"9":[0,0],"10":[0,0],"11":[0,0],"12":[0,0],"13":[0,0],"14":[0,0],"15":[0,0],"16":[0,0],"17":[0,0],"18":[0,0],"19":[0,0]}}
,"C:\\Users\\rswtf\\Desktop\\personal\\akasa\\food-delivery\\backend\\src\\controller\\cart.ts": {"path":"C:\\Users\\rswtf\\Desktop\\personal\\akasa\\food-delivery\\backend\\src\\controller\\cart.ts","statementMap":{"0":{"start":{"line":2,"column":0},"end":{"line":2,"column":27}},"1":{"start":{"line":6,"column":23},"end":{"line":29,"column":1}},"2":{"start":{"line":7,"column":2},"end":{"line":28,"column":3}},"3":{"start":{"line":8,"column":19},"end":{"line":8,"column":31}},"4":{"start":{"line":9,"column":18},"end":{"line":12,"column":6}},"5":{"start":{"line":14,"column":17},"end":{"line":21,"column":7}},"6":{"start":{"line":14,"column":36},"end":{"line":21,"column":6}},"7":{"start":{"line":23,"column":21},"end":{"line":23,"column":81}},"8":{"start":{"line":23,"column":44},"end":{"line":23,"column":77}},"9":{"start":{"line":25,"column":4},"end":{"line":25,"column":40}},"10":{"start":{"line":27,"column":4},"end":{"line":27,"column":92}},"11":{"start":{"line":6,"column":13},"end":{"line":6,"column":23}},"12":{"start":{"line":32,"column":23},"end":{"line":54,"column":1}},"13":{"start":{"line":33,"column":2},"end":{"line":53,"column":3}},"14":{"start":{"line":34,"column":19},"end":{"line":34,"column":31}},"15":{"start":{"line":35,"column":33},"end":{"line":35,"column":41}},"16":{"start":{"line":36,"column":16},"end":{"line":36,"column":37}},"17":{"start":{"line":37,"column":4},"end":{"line":37,"column":109}},"18":{"start":{"line":37,"column":29},"end":{"line":37,"column":109}},"19":{"start":{"line":39,"column":17},"end":{"line":39,"column":72}},"20":{"start":{"line":40,"column":4},"end":{"line":40,"column":72}},"21":{"start":{"line":40,"column":15},"end":{"line":40,"column":72}},"22":{"start":{"line":43,"column":21},"end":{"line":43,"column":103}},"23":{"start":{"line":44,"column":4},"end":{"line":47,"column":5}},"24":{"start":{"line":45,"column":22},"end":{"line":45,"column":127}},"25":{"start":{"line":46,"column":6},"end":{"line":46,"column":31}},"26":{"start":{"line":49,"column":20},"end":{"line":49,"column":93}},"27":{"start":{"line":50,"column":4},"end":{"line":50,"column":41}},"28":{"start":{"line":52,"column":4},"end":{"line":52,"column":92}},"29":{"start":{"line":32,"column":13},"end":{"line":32,"column":23}},"30":{"start":{"line":57,"column":26},"end":{"line":78,"column":1}},"31":{"start":{"line":58,"column":2},"end":{"line":77,"column":3}},"32":{"start":{"line":59,"column":19},"end":{"line":59,"column":31}},"33":{"start":{"line":60,"column":23},"end":{"line":60,"column":36}},"34":{"start":{"line":61,"column":25},"end":{"line":61,"column":33}},"35":{"start":{"line":62,"column":16},"end":{"line":62,"column":32}},"36":{"start":{"line":63,"column":4},"end":{"line":63,"column":112}},"37":{"start":{"line":63,"column":31},"end":{"line":63,"column":112}},"38":{"start":{"line":65,"column":21},"end":{"line":65,"column":84}},"39":{"start":{"line":66,"column":4},"end":{"line":66,"column":111}},"40":{"start":{"line":66,"column":49},"end":{"line":66,"column":111}},"41":{"start":{"line":68,"column":4},"end":{"line":71,"column":5}},"42":{"start":{"line":69,"column":6},"end":{"line":69,"column":66}},"43":{"start":{"line":70,"column":6},"end":{"line":70,"column":36}},"44":{"start":{"line":73,"column":20},"end":{"line":73,"column":104}},"45":{"start":{"line":74,"column":4},"end":{"line":74,"column":29}},"46":{"start":{"line":76,"column":4},"end":{"line":76,"column":92}},"47":{"start":{"line":57,"column":13},"end":{"line":57,"column":26}},"48":{"start":{"line":81,"column":26},"end":{"line":92,"column":1}},"49":{"start":{"line":82,"column":2},"end":{"line":91,"column":3}},"50":{"start":{"line":83,"column":19},"end":{"line":83,"column":31}},"51":{"start":{"line":84,"column":23},"end":{"line":84,"column":36}},"52":{"start":{"line":85,"column":21},"end":{"line":85,"column":84}},"53":{"start":{"line":86,"column":4},"end":{"line":86,"column":111}},"54":{"start":{"line":86,"column":49},"end":{"line":86,"column":111}},"55":{"start":{"line":87,"column":4},"end":{"line":87,"column":64}},"56":{"start":{"line":88,"column":4},"end":{"line":88,"column":34}},"57":{"start":{"line":90,"column":4},"end":{"line":90,"column":92}},"58":{"start":{"line":81,"column":13},"end":{"line":81,"column":26}},"59":{"start":{"line":95,"column":25},"end":{"line":117,"column":1}},"60":{"start":{"line":96,"column":2},"end":{"line":116,"column":3}},"61":{"start":{"line":97,"column":19},"end":{"line":97,"column":31}},"62":{"start":{"line":98,"column":18},"end":{"line":98,"column":69}},"63":{"start":{"line":99,"column":4},"end":{"line":110,"column":5}},"64":{"start":{"line":100,"column":21},"end":{"line":100,"column":30}},"65":{"start":{"line":101,"column":18},"end":{"line":101,"column":42}},"66":{"start":{"line":102,"column":6},"end":{"line":102,"column":40}},"67":{"start":{"line":102,"column":31},"end":{"line":102,"column":40}},"68":{"start":{"line":104,"column":23},"end":{"line":104,"column":105}},"69":{"start":{"line":105,"column":6},"end":{"line":109,"column":7}},"70":{"start":{"line":106,"column":8},"end":{"line":106,"column":114}},"71":{"start":{"line":108,"column":8},"end":{"line":108,"column":82}},"72":{"start":{"line":112,"column":20},"end":{"line":112,"column":98}},"73":{"start":{"line":113,"column":4},"end":{"line":113,"column":40}},"74":{"start":{"line":115,"column":4},"end":{"line":115,"column":92}},"75":{"start":{"line":95,"column":13},"end":{"line":95,"column":25}}},"fnMap":{"0":{"name":"(anonymous_1)","decl":{"start":{"line":6,"column":23},"end":{"line":6,"column":28}},"loc":{"start":{"line":6,"column":67},"end":{"line":29,"column":1}}},"1":{"name":"(anonymous_2)","decl":{"start":{"line":14,"column":27},"end":{"line":14,"column":28}},"loc":{"start":{"line":14,"column":36},"end":{"line":21,"column":6}}},"2":{"name":"(anonymous_3)","decl":{"start":{"line":23,"column":33},"end":{"line":23,"column":34}},"loc":{"start":{"line":23,"column":44},"end":{"line":23,"column":77}}},"3":{"name":"(anonymous_4)","decl":{"start":{"line":32,"column":23},"end":{"line":32,"column":28}},"loc":{"start":{"line":32,"column":67},"end":{"line":54,"column":1}}},"4":{"name":"(anonymous_5)","decl":{"start":{"line":57,"column":26},"end":{"line":57,"column":31}},"loc":{"start":{"line":57,"column":70},"end":{"line":78,"column":1}}},"5":{"name":"(anonymous_6)","decl":{"start":{"line":81,"column":26},"end":{"line":81,"column":31}},"loc":{"start":{"line":81,"column":70},"end":{"line":92,"column":1}}},"6":{"name":"(anonymous_7)","decl":{"start":{"line":95,"column":25},"end":{"line":95,"column":30}},"loc":{"start":{"line":95,"column":69},"end":{"line":117,"column":1}}}},"branchMap":{"0":{"loc":{"start":{"line":23,"column":49},"end":{"line":23,"column":62}},"type":"binary-expr","locations":[{"start":{"line":23,"column":49},"end":{"line":23,"column":57}},{"start":{"line":23,"column":61},"end":{"line":23,"column":62}}]},"1":{"loc":{"start":{"line":36,"column":16},"end":{"line":36,"column":37}},"type":"binary-expr","locations":[{"start":{"line":36,"column":16},"end":{"line":36,"column":32}},{"start":{"line":36,"column":36},"end":{"line":36,"column":37}}]},"2":{"loc":{"start":{"line":37,"column":4},"end":{"line":37,"column":109}},"type":"if","locations":[{"start":{"line":37,"column":4},"end":{"line":37,"column":109}},{"start":{},"end":{}}]},"3":{"loc":{"start":{"line":37,"column":8},"end":{"line":37,"column":27}},"type":"binary-expr","locations":[{"start":{"line":37,"column":8},"end":{"line":37,"column":15}},{"start":{"line":37,"column":19},"end":{"line":37,"column":27}}]},"4":{"loc":{"start":{"line":40,"column":4},"end":{"line":40,"column":72}},"type":"if","locations":[{"start":{"line":40,"column":4},"end":{"line":40,"column":72}},{"start":{},"end":{}}]},"5":{"loc":{"start":{"line":44,"column":4},"end":{"line":47,"column":5}},"type":"if","locations":[{"start":{"line":44,"column":4},"end":{"line":47,"column":5}},{"start":{},"end":{}}]},"6":{"loc":{"start":{"line":63,"column":4},"end":{"line":63,"column":112}},"type":"if","locations":[{"start":{"line":63,"column":4},"end":{"line":63,"column":112}},{"start":{},"end":{}}]},"7":{"loc":{"start":{"line":63,"column":8},"end":{"line":63,"column":29}},"type":"binary-expr","locations":[{"start":{"line":63,"column":8},"end":{"line":63,"column":18}},{"start":{"line":63,"column":22},"end":{"line":63,"column":29}}]},"8":{"loc":{"start":{"line":66,"column":4},"end":{"line":66,"column":111}},"type":"if","locations":[{"start":{"line":66,"column":4},"end":{"line":66,"column":111}},{"start":{},"end":{}}]},"9":{"loc":{"start":{"line":66,"column":8},"end":{"line":66,"column":47}},"type":"binary-expr","locations":[{"start":{"line":66,"column":8},"end":{"line":66,"column":17}},{"start":{"line":66,"column":21},"end":{"line":66,"column":47}}]},"10":{"loc":{"start":{"line":68,"column":4},"end":{"line":71,"column":5}},"type":"if","locations":[{"start":{"line":68,"column":4},"end":{"line":71,"column":5}},{"start":{},"end":{}}]},"11":{"loc":{"start":{"line":86,"column":4},"end":{"line":86,"column":111}},"type":"if","locations":[{"start":{"line":86,"column":4},"end":{"line":86,"column":111}},{"start":{},"end":{}}]},"12":{"loc":{"start":{"line":86,"column":8},"end":{"line":86,"column":47}},"type":"binary-expr","locations":[{"start":{"line":86,"column":8},"end":{"line":86,"column":17}},{"start":{"line":86,"column":21},"end":{"line":86,"column":47}}]},"13":{"loc":{"start":{"line":98,"column":18},"end":{"line":98,"column":69}},"type":"cond-expr","locations":[{"start":{"line":98,"column":50},"end":{"line":98,"column":64}},{"start":{"line":98,"column":67},"end":{"line":98,"column":69}}]},"14":{"loc":{"start":{"line":101,"column":18},"end":{"line":101,"column":42}},"type":"binary-expr","locations":[{"start":{"line":101,"column":18},"end":{"line":101,"column":37}},{"start":{"line":101,"column":41},"end":{"line":101,"column":42}}]},"15":{"loc":{"start":{"line":102,"column":6},"end":{"line":102,"column":40}},"type":"if","locations":[{"start":{"line":102,"column":6},"end":{"line":102,"column":40}},{"start":{},"end":{}}]},"16":{"loc":{"start":{"line":102,"column":10},"end":{"line":102,"column":29}},"type":"binary-expr","locations":[{"start":{"line":102,"column":10},"end":{"line":102,"column":17}},{"start":{"line":102,"column":21},"end":{"line":102,"column":29}}]},"17":{"loc":{"start":{"line":105,"column":6},"end":{"line":109,"column":7}},"type":"if","locations":[{"start":{"line":105,"column":6},"end":{"line":109,"column":7}},{"start":{"line":107,"column":13},"end":{"line":109,"column":7}}]}},"s":{"0":2,"1":2,"2":0,"3":0,"4":0,"5":0,"6":0,"7":0,"8":0,"9":0,"10":0,"11":2,"12":2,"13":0,"14":0,"15":0,"16":0,"17":0,"18":0,"19":0,"20":0,"21":0,"22":0,"23":0,"24":0,"25":0,"26":0,"27":0,"28":0,"29":2,"30":2,"31":0,"32":0,"33":0,"34":0,"35":0,"36":0,"37":0,"38":0,"39":0,"40":0,"41":0,"42":0,"43":0,"44":0,"45":0,"46":0,"47":2,"48":2,"49":0,"50":0,"51":0,"52":0,"53":0,"54":0,"55":0,"56":0,"57":0,"58":2,"59":2,"60":0,"61":0,"62":0,"63":0,"64":0,"65":0,"66":0,"67":0,"68":0,"69":0,"70":0,"71":0,"72":0,"73":0,"74":0,"75":2},"f":{"0":0,"1":0,"2":0,"3":0,"4":0,"5":0,"6":0},"b":{"0":[0,0],"1":[0,0],"2":[0,0],"3":[0,0],"4":[0,0],"5":[0,0],"6":[0,0],"7":[0,0],"8":[0,0],"9":[0,0],"10":[0,0],"11":[0,0],"12":[0,0],"13":[0,0],"14":[0,0],"15":[0,0],"16":[0,0],"17":[0,0]}}
,"C:\\Users\\rswtf\\Desktop\\personal\\akasa\\food-delivery\\backend\\src\\controller\\checkout.ts": {"path":"C:\\Users\\rswtf\\Desktop\\personal\\akasa\\food-delivery\\backend\\src\\controller\\checkout.ts","statementMap":{"0":{"start":{"line":2,"column":0},"end":{"line":2,"column":27}},"1":{"start":{"line":7,"column":24},"end":{"line":67,"column":1}},"2":{"start":{"line":8,"column":2},"end":{"line":66,"column":3}},"3":{"start":{"line":9,"column":19},"end":{"line":9,"column":31}},"4":{"start":{"line":12,"column":22},"end":{"line":12,"column":100}},"5":{"start":{"line":13,"column":4},"end":{"line":13,"column":83}},"6":{"start":{"line":13,"column":27},"end":{"line":13,"column":83}},"7":{"start":{"line":16,"column":22},"end":{"line":16,"column":113}},"8":{"start":{"line":16,"column":45},"end":{"line":16,"column":111}},"9":{"start":{"line":19,"column":43},"end":{"line":19,"column":45}},"10":{"start":{"line":21,"column":19},"end":{"line":58,"column":6}},"11":{"start":{"line":23,"column":6},"end":{"line":33,"column":7}},"12":{"start":{"line":24,"column":24},"end":{"line":27,"column":10}},"13":{"start":{"line":28,"column":8},"end":{"line":32,"column":9}},"14":{"start":{"line":30,"column":22},"end":{"line":30,"column":75}},"15":{"start":{"line":31,"column":10},"end":{"line":31,"column":103}},"16":{"start":{"line":35,"column":6},"end":{"line":38,"column":7}},"17":{"start":{"line":37,"column":8},"end":{"line":37,"column":60}},"18":{"start":{"line":41,"column":20},"end":{"line":41,"column":85}},"19":{"start":{"line":41,"column":48},"end":{"line":41,"column":81}},"20":{"start":{"line":43,"column":20},"end":{"line":52,"column":8}},"21":{"start":{"line":49,"column":43},"end":{"line":49,"column":114}},"22":{"start":{"line":55,"column":6},"end":{"line":55,"column":58}},"23":{"start":{"line":57,"column":6},"end":{"line":57,"column":19}},"24":{"start":{"line":60,"column":4},"end":{"line":60,"column":90}},"25":{"start":{"line":62,"column":4},"end":{"line":64,"column":5}},"26":{"start":{"line":63,"column":6},"end":{"line":63,"column":83}},"27":{"start":{"line":65,"column":4},"end":{"line":65,"column":89}},"28":{"start":{"line":7,"column":13},"end":{"line":7,"column":24}}},"fnMap":{"0":{"name":"(anonymous_1)","decl":{"start":{"line":7,"column":24},"end":{"line":7,"column":29}},"loc":{"start":{"line":7,"column":68},"end":{"line":67,"column":1}}},"1":{"name":"(anonymous_2)","decl":{"start":{"line":16,"column":36},"end":{"line":16,"column":37}},"loc":{"start":{"line":16,"column":45},"end":{"line":16,"column":111}}},"2":{"name":"(anonymous_3)","decl":{"start":{"line":21,"column":45},"end":{"line":21,"column":50}},"loc":{"start":{"line":21,"column":58},"end":{"line":58,"column":5}}},"3":{"name":"(anonymous_4)","decl":{"start":{"line":41,"column":37},"end":{"line":41,"column":38}},"loc":{"start":{"line":41,"column":48},"end":{"line":41,"column":81}}},"4":{"name":"(anonymous_5)","decl":{"start":{"line":49,"column":34},"end":{"line":49,"column":35}},"loc":{"start":{"line":49,"column":43},"end":{"line":49,"column":114}}}},"branchMap":{"0":{"loc":{"start":{"line":13,"column":4},"end":{"line":13,"column":83}},"type":"if","locations":[{"start":{"line":13,"column":4},"end":{"line":13,"column":83}},{"start":{},"end":{}}]},"1":{"loc":{"start":{"line":28,"column":8},"end":{"line":32,"column":9}},"type":"if","locations":[{"start":{"line":28,"column":8},"end":{"line":32,"column":9}},{"start":{},"end":{}}]},"2":{"loc":{"start":{"line":31,"column":80},"end":{"line":31,"column":99}},"type":"cond-expr","locations":[{"start":{"line":31,"column":86},"end":{"line":31,"column":95}},{"start":{"line":31,"column":98},"end":{"line":31,"column":99}}]},"3":{"loc":{"start":{"line":35,"column":6},"end":{"line":38,"column":7}},"type":"if","locations":[{"start":{"line":35,"column":6},"end":{"line":38,"column":7}},{"start":{},"end":{}}]},"4":{"loc":{"start":{"line":41,"column":53},"end":{"line":41,"column":66}},"type":"binary-expr","locations":[{"start":{"line":41,"column":53},"end":{"line":41,"column":61}},{"start":{"line":41,"column":65},"end":{"line":41,"column":66}}]},"5":{"loc":{"start":{"line":62,"column":4},"end":{"line":64,"column":5}},"type":"if","locations":[{"start":{"line":62,"column":4},"end":{"line":64,"column":5}},{"start":{},"end":{}}]},"6":{"loc":{"start":{"line":62,"column":8},"end":{"line":62,"column":42}},"type":"binary-expr","locations":[{"start":{"line":62,"column":8},"end":{"line":62,"column":11}},{"start":{"line":62,"column":15},"end":{"line":62,"column":42}}]},"7":{"loc":{"start":{"line":65,"column":66},"end":{"line":65,"column":85}},"type":"binary-expr","locations":[{"start":{"line":65,"column":66},"end":{"line":65,"column":78}},{"start":{"line":65,"column":82},"end":{"line":65,"column":85}}]}},"s":{"0":2,"1":2,"2":0,"3":0,"4":0,"5":0,"6":0,"7":0,"8":0,"9":0,"10":0,"11":0,"12":0,"13":0,"14":0,"15":0,"16":0,"17":0,"18":0,"19":0,"20":0,"21":0,"22":0,"23":0,"24":0,"25":0,"26":0,"27":0,"28":2},"f":{"0":0,"1":0,"2":0,"3":0,"4":0},"b":{"0":[0,0],"1":[0,0],"2":[0,0],"3":[0,0],"4":[0,0],"5":[0,0],"6":[0,0],"7":[0,0]}}
,"C:\\Users\\rswtf\\Desktop\\personal\\akasa\\food-delivery\\backend\\src\\controller\\items.ts": {"path":"C:\\Users\\rswtf\\Desktop\\personal\\akasa\\food-delivery\\backend\\src\\controller\\items.ts","statementMap":{"0":{"start":{"line":2,"column":0},"end":{"line":2,"column":54}},"1":{"start":{"line":3,"column":0},"end":{"line":3,"column":27}},"2":{"start":{"line":6,"column":29},"end":{"line":13,"column":1}},"3":{"start":{"line":7,"column":2},"end":{"line":12,"column":3}},"4":{"start":{"line":8,"column":23},"end":{"line":8,"column":50}},"5":{"start":{"line":9,"column":4},"end":{"line":9,"column":36}},"6":{"start":{"line":11,"column":4},"end":{"line":11,"column":92}},"7":{"start":{"line":6,"column":13},"end":{"line":6,"column":29}},"8":{"start":{"line":16,"column":34},"end":{"line":55,"column":1}},"9":{"start":{"line":17,"column":2},"end":{"line":54,"column":3}},"10":{"start":{"line":18,"column":21},"end":{"line":18,"column":56}},"11":{"start":{"line":19,"column":17},"end":{"line":19,"column":69}},"12":{"start":{"line":20,"column":18},"end":{"line":20,"column":86}},"13":{"start":{"line":21,"column":20},"end":{"line":21,"column":53}},"14":{"start":{"line":23,"column":41},"end":{"line":31,"column":6}},"15":{"start":{"line":33,"column":27},"end":{"line":41,"column":6}},"16":{"start":{"line":43,"column":4},"end":{"line":51,"column":7}},"17":{"start":{"line":53,"column":4},"end":{"line":53,"column":92}},"18":{"start":{"line":16,"column":13},"end":{"line":16,"column":34}},"19":{"start":{"line":58,"column":27},"end":{"line":84,"column":1}},"20":{"start":{"line":59,"column":2},"end":{"line":83,"column":3}},"21":{"start":{"line":60,"column":15},"end":{"line":60,"column":28}},"22":{"start":{"line":61,"column":17},"end":{"line":71,"column":6}},"23":{"start":{"line":73,"column":4},"end":{"line":73,"column":72}},"24":{"start":{"line":73,"column":15},"end":{"line":73,"column":72}},"25":{"start":{"line":76,"column":4},"end":{"line":80,"column":7}},"26":{"start":{"line":82,"column":4},"end":{"line":82,"column":92}},"27":{"start":{"line":58,"column":13},"end":{"line":58,"column":27}},"28":{"start":{"line":87,"column":27},"end":{"line":127,"column":1}},"29":{"start":{"line":88,"column":2},"end":{"line":126,"column":3}},"30":{"start":{"line":89,"column":19},"end":{"line":89,"column":40}},"31":{"start":{"line":90,"column":4},"end":{"line":90,"column":81}},"32":{"start":{"line":90,"column":17},"end":{"line":90,"column":81}},"33":{"start":{"line":92,"column":17},"end":{"line":92,"column":69}},"34":{"start":{"line":93,"column":18},"end":{"line":93,"column":86}},"35":{"start":{"line":95,"column":41},"end":{"line":100,"column":6}},"36":{"start":{"line":102,"column":27},"end":{"line":113,"column":6}},"37":{"start":{"line":115,"column":4},"end":{"line":123,"column":7}},"38":{"start":{"line":125,"column":4},"end":{"line":125,"column":92}},"39":{"start":{"line":87,"column":13},"end":{"line":87,"column":27}}},"fnMap":{"0":{"name":"(anonymous_1)","decl":{"start":{"line":6,"column":29},"end":{"line":6,"column":34}},"loc":{"start":{"line":6,"column":68},"end":{"line":13,"column":1}}},"1":{"name":"(anonymous_2)","decl":{"start":{"line":16,"column":34},"end":{"line":16,"column":39}},"loc":{"start":{"line":16,"column":72},"end":{"line":55,"column":1}}},"2":{"name":"(anonymous_3)","decl":{"start":{"line":58,"column":27},"end":{"line":58,"column":32}},"loc":{"start":{"line":58,"column":65},"end":{"line":84,"column":1}}},"3":{"name":"(anonymous_4)","decl":{"start":{"line":87,"column":27},"end":{"line":87,"column":32}},"loc":{"start":{"line":87,"column":65},"end":{"line":127,"column":1}}}},"branchMap":{"0":{"loc":{"start":{"line":19,"column":29},"end":{"line":19,"column":68}},"type":"binary-expr","locations":[{"start":{"line":19,"column":29},"end":{"line":19,"column":63}},{"start":{"line":19,"column":67},"end":{"line":19,"column":68}}]},"1":{"loc":{"start":{"line":20,"column":43},"end":{"line":20,"column":84}},"type":"binary-expr","locations":[{"start":{"line":20,"column":43},"end":{"line":20,"column":78}},{"start":{"line":20,"column":82},"end":{"line":20,"column":84}}]},"2":{"loc":{"start":{"line":21,"column":20},"end":{"line":21,"column":53}},"type":"binary-expr","locations":[{"start":{"line":21,"column":20},"end":{"line":21,"column":47}},{"start":{"line":21,"column":51},"end":{"line":21,"column":53}}]},"3":{"loc":{"start":{"line":25,"column":10},"end":{"line":30,"column":12}},"type":"cond-expr","locations":[{"start":{"line":25,"column":19},"end":{"line":30,"column":8}},{"start":{"line":30,"column":10},"end":{"line":30,"column":12}}]},"4":{"loc":{"start":{"line":73,"column":4},"end":{"line":73,"column":72}},"type":"if","locations":[{"start":{"line":73,"column":4},"end":{"line":73,"column":72}},{"start":{},"end":{}}]},"5":{"loc":{"start":{"line":90,"column":4},"end":{"line":90,"column":81}},"type":"if","locations":[{"start":{"line":90,"column":4},"end":{"line":90,"column":81}},{"start":{},"end":{}}]},"6":{"loc":{"start":{"line":92,"column":29},"end":{"line":92,"column":68}},"type":"binary-expr","locations":[{"start":{"line":92,"column":29},"end":{"line":92,"column":63}},{"start":{"line":92,"column":67},"end":{"line":92,"column":68}}]},"7":{"loc":{"start":{"line":93,"column":43},"end":{"line":93,"column":84}},"type":"binary-expr","locations":[{"start":{"line":93,"column":43},"end":{"line":93,"column":78}},{"start":{"line":93,"column":82},"end":{"line":93,"column":84}}]}},"s":{"0":2,"1":2,"2":2,"3":0,"4":0,"5":0,"6":0,"7":2,"8":2,"9":0,"10":0,"11":0,"12":0,"13":0,"14":0,"15":0,"16":0,"17":0,"18":2,"19":2,"20":0,"21":0,"22":0,"23":0,"24":0,"25":0,"26":0,"27":2,"28":2,"29":0,"30":0,"31":0,"32":0,"33":0,"34":0,"35":0,"36":0,"37":0,"38":0,"39":2},"f":{"0":0,"1":0,"2":0,"3":0},"b":{"0":[0,0],"1":[0,0],"2":[0,0],"3":[0,0],"4":[0,0],"5":[0,0],"6":[0,0],"7":[0,0]}}
,"C:\\Users\\rswtf\\Desktop\\personal\\akasa\\food-delivery\\backend\\src\\controller\\orders.ts": {"path":"C:\\Users\\rswtf\\Desktop\\personal\\akasa\\food-delivery\\backend\\src\\controller\\orders.ts","statementMap":{"0":{"start":{"line":2,"column":0},"end":{"line":2,"column":53}},"1":{"start":{"line":3,"column":0},"end":{"line":3,"column":27}},"2":{"start":{"line":7,"column":31},"end":{"line":69,"column":1}},"3":{"start":{"line":8,"column":2},"end":{"line":68,"column":3}},"4":{"start":{"line":9,"column":19},"end":{"line":9,"column":31}},"5":{"start":{"line":10,"column":17},"end":{"line":10,"column":69}},"6":{"start":{"line":11,"column":18},"end":{"line":11,"column":86}},"7":{"start":{"line":12,"column":19},"end":{"line":12,"column":62}},"8":{"start":{"line":14,"column":42},"end":{"line":17,"column":6}},"9":{"start":{"line":19,"column":28},"end":{"line":34,"column":6}},"10":{"start":{"line":37,"column":27},"end":{"line":55,"column":6}},"11":{"start":{"line":38,"column":23},"end":{"line":39,"column":null}},"12":{"start":{"line":39,"column":8},"end":{"line":39,"column":47}},"13":{"start":{"line":42,"column":6},"end":{"line":54,"column":8}},"14":{"start":{"line":44,"column":40},"end":{"line":51,"column":10}},"15":{"start":{"line":57,"column":4},"end":{"line":65,"column":7}},"16":{"start":{"line":67,"column":4},"end":{"line":67,"column":92}},"17":{"start":{"line":7,"column":13},"end":{"line":7,"column":31}},"18":{"start":{"line":72,"column":31},"end":{"line":125,"column":1}},"19":{"start":{"line":73,"column":2},"end":{"line":124,"column":3}},"20":{"start":{"line":74,"column":19},"end":{"line":74,"column":31}},"21":{"start":{"line":75,"column":20},"end":{"line":75,"column":33}},"22":{"start":{"line":77,"column":18},"end":{"line":89,"column":6}},"23":{"start":{"line":91,"column":4},"end":{"line":93,"column":5}},"24":{"start":{"line":92,"column":6},"end":{"line":92,"column":64}},"25":{"start":{"line":96,"column":21},"end":{"line":97,"column":null}},"26":{"start":{"line":97,"column":6},"end":{"line":97,"column":45}},"27":{"start":{"line":101,"column":26},"end":{"line":119,"column":6}},"28":{"start":{"line":103,"column":38},"end":{"line":110,"column":8}},"29":{"start":{"line":121,"column":4},"end":{"line":121,"column":35}},"30":{"start":{"line":123,"column":4},"end":{"line":123,"column":92}},"31":{"start":{"line":72,"column":13},"end":{"line":72,"column":31}},"32":{"start":{"line":128,"column":33},"end":{"line":169,"column":1}},"33":{"start":{"line":129,"column":2},"end":{"line":168,"column":3}},"34":{"start":{"line":130,"column":19},"end":{"line":130,"column":31}},"35":{"start":{"line":131,"column":20},"end":{"line":131,"column":33}},"36":{"start":{"line":132,"column":23},"end":{"line":132,"column":31}},"37":{"start":{"line":134,"column":4},"end":{"line":136,"column":5}},"38":{"start":{"line":135,"column":6},"end":{"line":135,"column":69}},"39":{"start":{"line":138,"column":18},"end":{"line":143,"column":6}},"40":{"start":{"line":145,"column":4},"end":{"line":147,"column":5}},"41":{"start":{"line":146,"column":6},"end":{"line":146,"column":64}},"42":{"start":{"line":150,"column":25},"end":{"line":163,"column":6}},"43":{"start":{"line":165,"column":4},"end":{"line":165,"column":34}},"44":{"start":{"line":167,"column":4},"end":{"line":167,"column":92}},"45":{"start":{"line":128,"column":13},"end":{"line":128,"column":33}}},"fnMap":{"0":{"name":"(anonymous_1)","decl":{"start":{"line":7,"column":31},"end":{"line":7,"column":36}},"loc":{"start":{"line":7,"column":75},"end":{"line":69,"column":1}}},"1":{"name":"(anonymous_2)","decl":{"start":{"line":37,"column":38},"end":{"line":37,"column":43}},"loc":{"start":{"line":37,"column":46},"end":{"line":55,"column":5}}},"2":{"name":"(anonymous_3)","decl":{"start":{"line":38,"column":42},"end":{"line":38,"column":43}},"loc":{"start":{"line":39,"column":8},"end":{"line":39,"column":47}}},"3":{"name":"(anonymous_4)","decl":{"start":{"line":44,"column":31},"end":{"line":44,"column":35}},"loc":{"start":{"line":44,"column":40},"end":{"line":51,"column":10}}},"4":{"name":"(anonymous_5)","decl":{"start":{"line":72,"column":31},"end":{"line":72,"column":36}},"loc":{"start":{"line":72,"column":75},"end":{"line":125,"column":1}}},"5":{"name":"(anonymous_6)","decl":{"start":{"line":96,"column":40},"end":{"line":96,"column":41}},"loc":{"start":{"line":97,"column":6},"end":{"line":97,"column":45}}},"6":{"name":"(anonymous_7)","decl":{"start":{"line":103,"column":29},"end":{"line":103,"column":33}},"loc":{"start":{"line":103,"column":38},"end":{"line":110,"column":8}}},"7":{"name":"(anonymous_8)","decl":{"start":{"line":128,"column":33},"end":{"line":128,"column":38}},"loc":{"start":{"line":128,"column":77},"end":{"line":169,"column":1}}}},"branchMap":{"0":{"loc":{"start":{"line":10,"column":29},"end":{"line":10,"column":68}},"type":"binary-expr","locations":[{"start":{"line":10,"column":29},"end":{"line":10,"column":63}},{"start":{"line":10,"column":67},"end":{"line":10,"column":68}}]},"1":{"loc":{"start":{"line":11,"column":43},"end":{"line":11,"column":84}},"type":"binary-expr","locations":[{"start":{"line":11,"column":43},"end":{"line":11,"column":78}},{"start":{"line":11,"column":82},"end":{"line":11,"column":84}}]},"2":{"loc":{"start":{"line":16,"column":10},"end":{"line":16,"column":34}},"type":"cond-expr","locations":[{"start":{"line":16,"column":19},"end":{"line":16,"column":29}},{"start":{"line":16,"column":32},"end":{"line":16,"column":34}}]},"3":{"loc":{"start":{"line":91,"column":4},"end":{"line":93,"column":5}},"type":"if","locations":[{"start":{"line":91,"column":4},"end":{"line":93,"column":5}},{"start":{},"end":{}}]},"4":{"loc":{"start":{"line":134,"column":4},"end":{"line":136,"column":5}},"type":"if","locations":[{"start":{"line":134,"column":4},"end":{"line":136,"column":5}},{"start":{},"end":{}}]},"5":{"loc":{"start":{"line":145,"column":4},"end":{"line":147,"column":5}},"type":"if","locations":[{"start":{"line":145,"column":4},"end":{"line":147,"column":5}},{"start":{},"end":{}}]}},"s":{"0":2,"1":2,"2":2,"3":0,"4":0,"5":0,"6":0,"7":0,"8":0,"9":0,"10":0,"11":0,"12":0,"13":0,"14":0,"15":0,"16":0,"17":2,"18":2,"19":0,"20":0,"21":0,"22":0,"23":0,"24":0,"25":0,"26":0,"27":0,"28":0,"29":0,"30":0,"31":2,"32":2,"33":0,"34":0,"35":0,"36":0,"37":0,"38":0,"39":0,"40":0,"41":0,"42":0,"43":0,"44":0,"45":2},"f":{"0":0,"1":0,"2":0,"3":0,"4":0,"5":0,"6":0,"7":0},"b":{"0":[0,0],"1":[0,0],"2":[0,0],"3":[0,0],"4":[0,0],"5":[0,0]}}
,"C:\\Users\\rswtf\\Desktop\\personal\\akasa\\food-delivery\\backend\\src\\middleware\\auth.ts": {"path":"C:\\Users\\rswtf\\Desktop\\personal\\akasa\\food-delivery\\backend\\src\\middleware\\auth.ts","statementMap":{"0":{"start":{"line":11,"column":0},"end":{"line":11,"column":7}},"1":{"start":{"line":30,"column":0},"end":{"line":30,"column":16}},"2":{"start":{"line":35,"column":0},"end":{"line":35,"column":16}},"3":{"start":{"line":2,"column":0},"end":{"line":2,"column":31}},"4":{"start":{"line":3,"column":0},"end":{"line":3,"column":27}},"5":{"start":{"line":5,"column":19},"end":{"line":5,"column":70}},"6":{"start":{"line":12,"column":1},"end":{"line":27,"column":2}},"7":{"start":{"line":13,"column":15},"end":{"line":13,"column":40}},"8":{"start":{"line":14,"column":2},"end":{"line":14,"column":108}},"9":{"start":{"line":14,"column":44},"end":{"line":14,"column":108}},"10":{"start":{"line":16,"column":16},"end":{"line":16,"column":34}},"11":{"start":{"line":17,"column":18},"end":{"line":17,"column":54}},"12":{"start":{"line":18,"column":2},"end":{"line":18,"column":88}},"13":{"start":{"line":18,"column":32},"end":{"line":18,"column":88}},"14":{"start":{"line":20,"column":15},"end":{"line":20,"column":75}},"15":{"start":{"line":21,"column":2},"end":{"line":21,"column":70}},"16":{"start":{"line":21,"column":13},"end":{"line":21,"column":70}},"17":{"start":{"line":23,"column":2},"end":{"line":23,"column":48}},"18":{"start":{"line":24,"column":2},"end":{"line":24,"column":9}},"19":{"start":{"line":26,"column":2},"end":{"line":26,"column":90}},"20":{"start":{"line":32,"column":1},"end":{"line":32,"column":68}},"21":{"start":{"line":37,"column":1},"end":{"line":37,"column":69}}},"fnMap":{"0":{"name":"requireAuth","decl":{"start":{"line":11,"column":22},"end":{"line":11,"column":33}},"loc":{"start":{"line":11,"column":87},"end":{"line":28,"column":1}}},"1":{"name":"generateAccessToken","decl":{"start":{"line":30,"column":16},"end":{"line":30,"column":35}},"loc":{"start":{"line":30,"column":50},"end":{"line":33,"column":1}}},"2":{"name":"generateRefreshToken","decl":{"start":{"line":35,"column":16},"end":{"line":35,"column":36}},"loc":{"start":{"line":35,"column":36},"end":{"line":38,"column":1}}}},"branchMap":{"0":{"loc":{"start":{"line":5,"column":19},"end":{"line":5,"column":70}},"type":"binary-expr","locations":[{"start":{"line":5,"column":19},"end":{"line":5,"column":41}},{"start":{"line":5,"column":45},"end":{"line":5,"column":70}}]},"1":{"loc":{"start":{"line":14,"column":2},"end":{"line":14,"column":108}},"type":"if","locations":[{"start":{"line":14,"column":2},"end":{"line":14,"column":108}},{"start":{},"end":{}}]},"2":{"loc":{"start":{"line":14,"column":6},"end":{"line":14,"column":42}},"type":"binary-expr","locations":[{"start":{"line":14,"column":6},"end":{"line":14,"column":11}},{"start":{"line":14,"column":15},"end":{"line":14,"column":42}}]},"3":{"loc":{"start":{"line":18,"column":2},"end":{"line":18,"column":88}},"type":"if","locations":[{"start":{"line":18,"column":2},"end":{"line":18,"column":88}},{"start":{},"end":{}}]},"4":{"loc":{"start":{"line":18,"column":6},"end":{"line":18,"column":30}},"type":"binary-expr","locations":[{"start":{"line":18,"column":6},"end":{"line":18,"column":14}},{"start":{"line":18,"column":18},"end":{"line":18,"column":30}}]},"5":{"loc":{"start":{"line":21,"column":2},"end":{"line":21,"column":70}},"type":"if","locations":[{"start":{"line":21,"column":2},"end":{"line":21,"column":70}},{"start":{},"end":{}}]}},"s":{"0":2,"1":2,"2":2,"3":2,"4":2,"5":2,"6":0,"7":0,"8":0,"9":0,"10":0,"11":0,"12":0,"13":0,"14":0,"15":0,"16":0,"17":0,"18":0,"19":0,"20":0,"21":0},"f":{"0":0,"1":0,"2":0},"b":{"0":[2,0],"1":[0,0],"2":[0,0],"3":[0,0],"4":[0,0],"5":[0,0]}}
,"C:\\Users\\rswtf\\Desktop\\personal\\akasa\\food-delivery\\backend\\src\\middleware\\security.ts": {"path":"C:\\Users\\rswtf\\Desktop\\personal\\akasa\\food-delivery\\backend\\src\\middleware\\security.ts","statementMap":{"0":{"start":{"line":2,"column":0},"end":{"line":2,"column":43}},"1":{"start":{"line":3,"column":0},"end":{"line":3,"column":28}},"2":{"start":{"line":6,"column":13},"end":{"line":10,"column":3}},"3":{"start":{"line":13,"column":13},"end":{"line":17,"column":3}},"4":{"start":{"line":20,"column":13},"end":{"line":35,"column":2}},"5":{"start":{"line":38,"column":13},"end":{"line":45,"column":2}},"6":{"start":{"line":48,"column":28},"end":{"line":59,"column":1}},"7":{"start":{"line":54,"column":2},"end":{"line":54,"column":27}},"8":{"start":{"line":55,"column":2},"end":{"line":58,"column":5}},"9":{"start":{"line":48,"column":13},"end":{"line":48,"column":28}}},"fnMap":{"0":{"name":"(anonymous_1)","decl":{"start":{"line":48,"column":28},"end":{"line":48,"column":null}},"loc":{"start":{"line":53,"column":4},"end":{"line":59,"column":1}}}},"branchMap":{"0":{"loc":{"start":{"line":39,"column":10},"end":{"line":39,"column":61}},"type":"binary-expr","locations":[{"start":{"line":39,"column":10},"end":{"line":39,"column":34}},{"start":{"line":39,"column":38},"end":{"line":39,"column":61}}]},"1":{"loc":{"start":{"line":57,"column":13},"end":{"line":57,"column":77}},"type":"cond-expr","locations":[{"start":{"line":57,"column":54},"end":{"line":57,"column":65}},{"start":{"line":57,"column":68},"end":{"line":57,"column":77}}]}},"s":{"0":2,"1":2,"2":2,"3":2,"4":2,"5":2,"6":2,"7":0,"8":0,"9":2},"f":{"0":0},"b":{"0":[2,2],"1":[0,0]}}
,"C:\\Users\\rswtf\\Desktop\\personal\\akasa\\food-delivery\\backend\\src\\middleware\\validate.ts": {"path":"C:\\Users\\rswtf\\Desktop\\personal\\akasa\\food-delivery\\backend\\src\\middleware\\validate.ts","statementMap":{"0":{"start":{"line":2,"column":0},"end":{"line":2,"column":24}},"1":{"start":{"line":4,"column":31},"end":{"line":25,"column":3}},"2":{"start":{"line":5,"column":2},"end":{"line":25,"column":3}},"3":{"start":{"line":6,"column":4},"end":{"line":24,"column":5}},"4":{"start":{"line":7,"column":6},"end":{"line":11,"column":9}},"5":{"start":{"line":12,"column":6},"end":{"line":12,"column":20}},"6":{"start":{"line":14,"column":6},"end":{"line":22,"column":7}},"7":{"start":{"line":15,"column":8},"end":{"line":21,"column":11}},"8":{"start":{"line":17,"column":42},"end":{"line":20,"column":12}},"9":{"start":{"line":23,"column":6},"end":{"line":23,"column":70}},"10":{"start":{"line":4,"column":13},"end":{"line":4,"column":31}}},"fnMap":{"0":{"name":"(anonymous_0)","decl":{"start":{"line":4,"column":31},"end":{"line":4,"column":32}},"loc":{"start":{"line":5,"column":2},"end":{"line":25,"column":3}}},"1":{"name":"(anonymous_1)","decl":{"start":{"line":5,"column":2},"end":{"line":5,"column":7}},"loc":{"start":{"line":5,"column":60},"end":{"line":25,"column":3}}},"2":{"name":"(anonymous_2)","decl":{"start":{"line":17,"column":36},"end":{"line":17,"column":37}},"loc":{"start":{"line":17,"column":42},"end":{"line":20,"column":12}}}},"branchMap":{"0":{"loc":{"start":{"line":14,"column":6},"end":{"line":22,"column":7}},"type":"if","locations":[{"start":{"line":14,"column":6},"end":{"line":22,"column":7}},{"start":{},"end":{}}]}},"s":{"0":2,"1":2,"2":4,"3":0,"4":0,"5":0,"6":0,"7":0,"8":0,"9":0,"10":2},"f":{"0":4,"1":0,"2":0},"b":{"0":[0,0]}}
,"C:\\Users\\rswtf\\Desktop\\personal\\akasa\\food-delivery\\backend\\src\\routes\\auth.ts": {"path":"C:\\Users\\rswtf\\Desktop\\personal\\akasa\\food-delivery\\backend\\src\\routes\\auth.ts","statementMap":{"0":{"start":{"line":1,"column":0},"end":{"line":1,"column":30}},"1":{"start":{"line":2,"column":0},"end":{"line":2,"column":70}},"2":{"start":{"line":3,"column":0},"end":{"line":3,"column":57}},"3":{"start":{"line":4,"column":0},"end":{"line":4,"column":68}},"4":{"start":{"line":5,"column":0},"end":{"line":5,"column":53}},"5":{"start":{"line":7,"column":15},"end":{"line":7,"column":31}},"6":{"start":{"line":9,"column":0},"end":{"line":9,"column":68}},"7":{"start":{"line":10,"column":0},"end":{"line":10,"column":72}},"8":{"start":{"line":11,"column":0},"end":{"line":11,"column":33}},"9":{"start":{"line":12,"column":0},"end":{"line":12,"column":31}},"10":{"start":{"line":14,"column":0},"end":{"line":14,"column":22}}},"fnMap":{},"branchMap":{},"s":{"0":2,"1":2,"2":2,"3":2,"4":2,"5":2,"6":2,"7":2,"8":2,"9":2,"10":2},"f":{},"b":{}}
,"C:\\Users\\rswtf\\Desktop\\personal\\akasa\\food-delivery\\backend\\src\\routes\\cart.ts": {"path":"C:\\Users\\rswtf\\Desktop\\personal\\akasa\\food-delivery\\backend\\src\\routes\\cart.ts","statementMap":{"0":{"start":{"line":1,"column":0},"end":{"line":1,"column":30}},"1":{"start":{"line":2,"column":0},"end":{"line":2,"column":49}},"2":{"start":{"line":3,"column":0},"end":{"line":3,"column":89}},"3":{"start":{"line":5,"column":15},"end":{"line":5,"column":31}},"4":{"start":{"line":7,"column":0},"end":{"line":7,"column":24}},"5":{"start":{"line":9,"column":0},"end":{"line":9,"column":25}},"6":{"start":{"line":10,"column":0},"end":{"line":10,"column":31}},"7":{"start":{"line":11,"column":0},"end":{"line":11,"column":39}},"8":{"start":{"line":12,"column":0},"end":{"line":12,"column":40}},"9":{"start":{"line":13,"column":0},"end":{"line":13,"column":33}},"10":{"start":{"line":15,"column":0},"end":{"line":15,"column":22}}},"fnMap":{},"branchMap":{},"s":{"0":2,"1":2,"2":2,"3":2,"4":2,"5":2,"6":2,"7":2,"8":2,"9":2,"10":2},"f":{},"b":{}}
,"C:\\Users\\rswtf\\Desktop\\personal\\akasa\\food-delivery\\backend\\src\\routes\\checkout.ts": {"path":"C:\\Users\\rswtf\\Desktop\\personal\\akasa\\food-delivery\\backend\\src\\routes\\checkout.ts","statementMap":{"0":{"start":{"line":1,"column":0},"end":{"line":1,"column":30}},"1":{"start":{"line":2,"column":0},"end":{"line":2,"column":49}},"2":{"start":{"line":3,"column":0},"end":{"line":3,"column":50}},"3":{"start":{"line":5,"column":15},"end":{"line":5,"column":31}},"4":{"start":{"line":7,"column":0},"end":{"line":7,"column":40}},"5":{"start":{"line":9,"column":0},"end":{"line":9,"column":22}}},"fnMap":{},"branchMap":{},"s":{"0":2,"1":2,"2":2,"3":2,"4":2,"5":2},"f":{},"b":{}}
,"C:\\Users\\rswtf\\Desktop\\personal\\akasa\\food-delivery\\backend\\src\\routes\\items.ts": {"path":"C:\\Users\\rswtf\\Desktop\\personal\\akasa\\food-delivery\\backend\\src\\routes\\items.ts","statementMap":{"0":{"start":{"line":1,"column":0},"end":{"line":1,"column":33}},"1":{"start":{"line":2,"column":0},"end":{"line":2,"column":98}},"2":{"start":{"line":4,"column":15},"end":{"line":4,"column":23}},"3":{"start":{"line":7,"column":0},"end":{"line":7,"column":41}},"4":{"start":{"line":8,"column":0},"end":{"line":8,"column":54}},"5":{"start":{"line":9,"column":0},"end":{"line":9,"column":37}},"6":{"start":{"line":10,"column":0},"end":{"line":10,"column":35}},"7":{"start":{"line":12,"column":0},"end":{"line":12,"column":22}}},"fnMap":{},"branchMap":{},"s":{"0":2,"1":2,"2":2,"3":2,"4":2,"5":2,"6":2,"7":2},"f":{},"b":{}}
,"C:\\Users\\rswtf\\Desktop\\personal\\akasa\\food-delivery\\backend\\src\\routes\\orders.ts": {"path":"C:\\Users\\rswtf\\Desktop\\personal\\akasa\\food-delivery\\backend\\src\\routes\\orders.ts","statementMap":{"0":{"start":{"line":1,"column":0},"end":{"line":1,"column":33}},"1":{"start":{"line":2,"column":0},"end":{"line":2,"column":49}},"2":{"start":{"line":3,"column":0},"end":{"line":3,"column":91}},"3":{"start":{"line":5,"column":15},"end":{"line":5,"column":23}},"4":{"start":{"line":8,"column":0},"end":{"line":8,"column":24}},"5":{"start":{"line":11,"column":0},"end":{"line":11,"column":33}},"6":{"start":{"line":12,"column":0},"end":{"line":12,"column":36}},"7":{"start":{"line":13,"column":0},"end":{"line":13,"column":47}},"8":{"start":{"line":15,"column":0},"end":{"line":15,"column":22}}},"fnMap":{},"branchMap":{},"s":{"0":2,"1":2,"2":2,"3":2,"4":2,"5":2,"6":2,"7":2,"8":2},"f":{},"b":{}}
,"C:\\Users\\rswtf\\Desktop\\personal\\akasa\\food-delivery\\backend\\src\\schemas\\validation.ts": {"path":"C:\\Users\\rswtf\\Desktop\\personal\\akasa\\food-delivery\\backend\\src\\schemas\\validation.ts","statementMap":{"0":{"start":{"line":1,"column":0},"end":{"line":1,"column":24}},"1":{"start":{"line":2,"column":0},"end":{"line":2,"column":45}},"2":{"start":{"line":5,"column":13},"end":{"line":10,"column":3}},"3":{"start":{"line":13,"column":13},"end":{"line":22,"column":3}},"4":{"start":{"line":24,"column":13},"end":{"line":29,"column":3}},"5":{"start":{"line":32,"column":13},"end":{"line":38,"column":3}},"6":{"start":{"line":40,"column":13},"end":{"line":49,"column":3}},"7":{"start":{"line":52,"column":13},"end":{"line":57,"column":3}},"8":{"start":{"line":59,"column":13},"end":{"line":66,"column":3}},"9":{"start":{"line":69,"column":13},"end":{"line":75,"column":3}},"10":{"start":{"line":77,"column":13},"end":{"line":84,"column":3}},"11":{"start":{"line":86,"column":13},"end":{"line":92,"column":3}}},"fnMap":{},"branchMap":{},"s":{"0":2,"1":2,"2":2,"3":2,"4":2,"5":2,"6":2,"7":2,"8":2,"9":2,"10":2,"11":2},"f":{},"b":{}}
}
